<?xml version="1.0" encoding="UTF-8"?>
<!-- Generated by org.testng.reporters.JUnitReportReporter -->
<testsuite hostname="LAPTOP-BR73BODV" failures="0" tests="2" name="org.base.FacebookHomepage" time="13.350" errors="0" timestamp="2022-05-09T14:16:07 IST" skipped="0">
  <testcase classname="org.base.FacebookHomepage" name="tc1" time="7.201"/>
  <system-out/>
  <testcase classname="org.base.FacebookHomepage" name="tc1" time="6.149"/>
  <system-out/>
</testsuite> <!-- org.base.FacebookHomepage -->
