<?xml version="1.0" encoding="UTF-8"?>
<!-- Generated by org.testng.reporters.JUnitReportReporter -->
<testsuite hostname="LAPTOP-BR73BODV" failures="0" tests="1" name="Academy.E2EProject.AppTest" time="0.005" errors="0" timestamp="2022-04-22T21:39:22 IST" skipped="0">
  <testcase classname="Academy.E2EProject.AppTest" name="shouldAnswerWithTrue" time="0.005"/>
  <system-out/>
</testsuite> <!-- Academy.E2EProject.AppTest -->
