<?xml version="1.0" encoding="UTF-8"?>
<!-- Generated by org.testng.reporters.JUnitReportReporter -->
<testsuite hostname="LAPTOP-BR73BODV" failures="0" tests="1" name="Academy.E2EProject.HomePage" time="0.388" errors="0" timestamp="2022-04-22T21:45:29 IST" skipped="0">
  <testcase classname="Academy.E2EProject.HomePage" name="basePageNavigation" time="0.388"/>
  <system-out/>
</testsuite> <!-- Academy.E2EProject.HomePage -->
