<?xml version="1.0" encoding="UTF-8"?>
<!-- Generated by org.testng.reporters.JUnitReportReporter -->
<testsuite hostname="LAPTOP-BR73BODV" failures="0" tests="1" name="org.task.PriceMatch" time="17.103" errors="0" timestamp="2022-05-16T22:58:08 IST" skipped="0">
  <testcase classname="org.task.PriceMatch" name="taskVerify" time="17.103"/>
  <system-out/>
</testsuite> <!-- org.task.PriceMatch -->
