<?xml version="1.0" encoding="UTF-8"?>
<!-- Generated by org.testng.reporters.JUnitReportReporter -->
<testsuite hostname="LAPTOP-BR73BODV" failures="0" tests="3" name="dataprovider.SendData" time="13.954" errors="0" timestamp="2022-05-07T12:11:22 IST" skipped="0">
  <testcase classname="dataprovider.SendData" name="login" time="4.209"/>
  <system-out/>
  <testcase classname="dataprovider.SendData" name="login" time="3.976"/>
  <system-out/>
  <testcase classname="dataprovider.SendData" name="login" time="5.769"/>
  <system-out/>
</testsuite> <!-- dataprovider.SendData -->
