<?xml version="1.0" encoding="UTF-8"?>
<!-- Generated by org.testng.reporters.JUnitReportReporter -->
<testsuite hostname="LAPTOP-BR73BODV" failures="0" tests="1" name="test.Day2" time="0.000" errors="0" timestamp="2022-04-08T20:20:27 IST" skipped="0">
  <testcase classname="test.Day2" name="Science" time="0.000"/>
  <system-out/>
</testsuite> <!-- test.Day2 -->
