<?xml version="1.0" encoding="UTF-8"?>
<!-- Generated by org.testng.reporters.JUnitReportReporter -->
<testsuite hostname="LAPTOP-BR73BODV" failures="0" tests="1" name="org.adactin.Login" time="17.667" errors="0" timestamp="2022-05-09T14:43:34 IST" skipped="0">
  <testcase classname="org.adactin.Login" name="userLogin" time="17.667"/>
  <system-out/>
</testsuite> <!-- org.adactin.Login -->
