<?xml version="1.0" encoding="UTF-8"?>
<!-- Generated by org.testng.reporters.JUnitReportReporter -->
<testsuite hostname="LAPTOP-BR73BODV" failures="0" tests="1" name="Login" time="19.667" errors="0" timestamp="2022-05-08T19:42:52 IST" skipped="0">
  <testcase classname="Login" name="userLogin" time="19.667"/>
  <system-out/>
</testsuite> <!-- Login -->
