<?xml version="1.0" encoding="UTF-8"?>
<!-- Generated by org.testng.reporters.JUnitReportReporter -->
<testsuite hostname="LAPTOP-BR73BODV" failures="0" tests="1" name="org.sample.AdactinAutomation" time="16.662" errors="0" timestamp="2022-05-17T12:07:53 IST" skipped="0">
  <testcase classname="org.sample.AdactinAutomation" name="adactinLogin" time="16.662"/>
  <system-out/>
</testsuite> <!-- org.sample.AdactinAutomation -->
