<?xml version="1.0" encoding="UTF-8"?>
<!-- Generated by org.testng.reporters.JUnitReportReporter -->
<testsuite hostname="LAPTOP-BR73BODV" failures="0" tests="1" name="org.sample.Facebook" time="11.862" errors="0" timestamp="2022-05-16T22:36:23 IST" skipped="0">
  <testcase classname="org.sample.Facebook" name="Homepage" time="11.862"/>
  <system-out/>
</testsuite> <!-- org.sample.Facebook -->
