<?xml version="1.0" encoding="UTF-8"?>
<!-- Generated by org.testng.reporters.JUnitReportReporter -->
<testsuite hostname="LAPTOP-BR73BODV" failures="0" tests="1" name="org.sample.PractiseBase" time="10.654" errors="0" timestamp="2022-05-17T17:59:35 IST" skipped="0">
  <testcase classname="org.sample.PractiseBase" name="fb" time="10.654"/>
  <system-out/>
</testsuite> <!-- org.sample.PractiseBase -->
